2019-05-02 0:30:54 - PHP Notice:  Undefined index: color_titles in C:\xampp\htdocs\porkys\carniceriaporkys.com\store\admin\model\extension\module\colors.php on line 75
2019-05-02 0:30:54 - PHP Notice:  Undefined offset: 0 in C:\xampp\htdocs\porkys\carniceriaporkys.com\store\admin\model\extension\module\colors.php on line 441
2019-05-02 0:30:54 - PHP Notice:  Undefined offset: 1 in C:\xampp\htdocs\porkys\carniceriaporkys.com\store\admin\model\extension\module\colors.php on line 442
2019-05-02 0:30:54 - PHP Notice:  Undefined offset: 2 in C:\xampp\htdocs\porkys\carniceriaporkys.com\store\admin\model\extension\module\colors.php on line 443
2019-05-02 0:30:54 - PHP Notice:  Undefined offset: 0 in C:\xampp\htdocs\porkys\carniceriaporkys.com\store\admin\model\extension\module\colors.php on line 441
2019-05-02 0:30:54 - PHP Notice:  Undefined offset: 1 in C:\xampp\htdocs\porkys\carniceriaporkys.com\store\admin\model\extension\module\colors.php on line 442
2019-05-02 0:30:54 - PHP Notice:  Undefined offset: 2 in C:\xampp\htdocs\porkys\carniceriaporkys.com\store\admin\model\extension\module\colors.php on line 443
2019-05-02 0:31:09 - PHP Notice:  Undefined index: color_titles in C:\xampp\htdocs\porkys\carniceriaporkys.com\store\admin\model\extension\module\colors.php on line 75
2019-05-02 0:31:09 - PHP Notice:  Undefined offset: 0 in C:\xampp\htdocs\porkys\carniceriaporkys.com\store\admin\model\extension\module\colors.php on line 441
2019-05-02 0:31:09 - PHP Notice:  Undefined offset: 1 in C:\xampp\htdocs\porkys\carniceriaporkys.com\store\admin\model\extension\module\colors.php on line 442
2019-05-02 0:31:09 - PHP Notice:  Undefined offset: 2 in C:\xampp\htdocs\porkys\carniceriaporkys.com\store\admin\model\extension\module\colors.php on line 443
2019-05-02 0:31:09 - PHP Notice:  Undefined offset: 0 in C:\xampp\htdocs\porkys\carniceriaporkys.com\store\admin\model\extension\module\colors.php on line 441
2019-05-02 0:31:09 - PHP Notice:  Undefined offset: 1 in C:\xampp\htdocs\porkys\carniceriaporkys.com\store\admin\model\extension\module\colors.php on line 442
2019-05-02 0:31:09 - PHP Notice:  Undefined offset: 2 in C:\xampp\htdocs\porkys\carniceriaporkys.com\store\admin\model\extension\module\colors.php on line 443
2019-05-02 0:31:11 - PHP Notice:  Undefined index: color_titles in C:\xampp\htdocs\porkys\carniceriaporkys.com\store\admin\model\extension\module\colors.php on line 75
2019-05-02 0:31:11 - PHP Notice:  Undefined offset: 0 in C:\xampp\htdocs\porkys\carniceriaporkys.com\store\admin\model\extension\module\colors.php on line 441
2019-05-02 0:31:11 - PHP Notice:  Undefined offset: 1 in C:\xampp\htdocs\porkys\carniceriaporkys.com\store\admin\model\extension\module\colors.php on line 442
2019-05-02 0:31:11 - PHP Notice:  Undefined offset: 2 in C:\xampp\htdocs\porkys\carniceriaporkys.com\store\admin\model\extension\module\colors.php on line 443
2019-05-02 0:31:11 - PHP Notice:  Undefined offset: 0 in C:\xampp\htdocs\porkys\carniceriaporkys.com\store\admin\model\extension\module\colors.php on line 441
2019-05-02 0:31:11 - PHP Notice:  Undefined offset: 1 in C:\xampp\htdocs\porkys\carniceriaporkys.com\store\admin\model\extension\module\colors.php on line 442
2019-05-02 0:31:11 - PHP Notice:  Undefined offset: 2 in C:\xampp\htdocs\porkys\carniceriaporkys.com\store\admin\model\extension\module\colors.php on line 443
2019-05-02 0:31:20 - PHP Notice:  Undefined index: color_titles in C:\xampp\htdocs\porkys\carniceriaporkys.com\store\admin\model\extension\module\colors.php on line 75
2019-05-02 0:31:20 - PHP Notice:  Undefined offset: 0 in C:\xampp\htdocs\porkys\carniceriaporkys.com\store\admin\model\extension\module\colors.php on line 441
2019-05-02 0:31:20 - PHP Notice:  Undefined offset: 1 in C:\xampp\htdocs\porkys\carniceriaporkys.com\store\admin\model\extension\module\colors.php on line 442
2019-05-02 0:31:20 - PHP Notice:  Undefined offset: 2 in C:\xampp\htdocs\porkys\carniceriaporkys.com\store\admin\model\extension\module\colors.php on line 443
2019-05-02 0:31:20 - PHP Notice:  Undefined offset: 0 in C:\xampp\htdocs\porkys\carniceriaporkys.com\store\admin\model\extension\module\colors.php on line 441
2019-05-02 0:31:20 - PHP Notice:  Undefined offset: 1 in C:\xampp\htdocs\porkys\carniceriaporkys.com\store\admin\model\extension\module\colors.php on line 442
2019-05-02 0:31:20 - PHP Notice:  Undefined offset: 2 in C:\xampp\htdocs\porkys\carniceriaporkys.com\store\admin\model\extension\module\colors.php on line 443
2019-05-02 0:31:41 - PHP Notice:  Undefined index: color_titles in C:\xampp\htdocs\porkys\carniceriaporkys.com\store\admin\model\extension\module\colors.php on line 75
2019-05-02 0:31:41 - PHP Notice:  Undefined offset: 0 in C:\xampp\htdocs\porkys\carniceriaporkys.com\store\admin\model\extension\module\colors.php on line 441
2019-05-02 0:31:41 - PHP Notice:  Undefined offset: 1 in C:\xampp\htdocs\porkys\carniceriaporkys.com\store\admin\model\extension\module\colors.php on line 442
2019-05-02 0:31:41 - PHP Notice:  Undefined offset: 2 in C:\xampp\htdocs\porkys\carniceriaporkys.com\store\admin\model\extension\module\colors.php on line 443
2019-05-02 0:31:41 - PHP Notice:  Undefined offset: 0 in C:\xampp\htdocs\porkys\carniceriaporkys.com\store\admin\model\extension\module\colors.php on line 441
2019-05-02 0:31:41 - PHP Notice:  Undefined offset: 1 in C:\xampp\htdocs\porkys\carniceriaporkys.com\store\admin\model\extension\module\colors.php on line 442
2019-05-02 0:31:41 - PHP Notice:  Undefined offset: 2 in C:\xampp\htdocs\porkys\carniceriaporkys.com\store\admin\model\extension\module\colors.php on line 443
2019-05-02 0:31:57 - PHP Notice:  Undefined index: color_titles in C:\xampp\htdocs\porkys\carniceriaporkys.com\store\admin\model\extension\module\colors.php on line 75
2019-05-02 0:31:57 - PHP Notice:  Undefined offset: 0 in C:\xampp\htdocs\porkys\carniceriaporkys.com\store\admin\model\extension\module\colors.php on line 441
2019-05-02 0:31:57 - PHP Notice:  Undefined offset: 1 in C:\xampp\htdocs\porkys\carniceriaporkys.com\store\admin\model\extension\module\colors.php on line 442
2019-05-02 0:31:57 - PHP Notice:  Undefined offset: 2 in C:\xampp\htdocs\porkys\carniceriaporkys.com\store\admin\model\extension\module\colors.php on line 443
2019-05-02 0:31:57 - PHP Notice:  Undefined offset: 0 in C:\xampp\htdocs\porkys\carniceriaporkys.com\store\admin\model\extension\module\colors.php on line 441
2019-05-02 0:31:57 - PHP Notice:  Undefined offset: 1 in C:\xampp\htdocs\porkys\carniceriaporkys.com\store\admin\model\extension\module\colors.php on line 442
2019-05-02 0:31:57 - PHP Notice:  Undefined offset: 2 in C:\xampp\htdocs\porkys\carniceriaporkys.com\store\admin\model\extension\module\colors.php on line 443
2019-05-02 0:47:33 - PHP Notice:  Undefined variable: color_primary_dar in C:\xampp\htdocs\porkys\carniceriaporkys.com\store\admin\model\extension\module\colors.php on line 189
2019-05-02 0:47:39 - PHP Notice:  Undefined variable: color_primary_dar in C:\xampp\htdocs\porkys\carniceriaporkys.com\store\admin\model\extension\module\colors.php on line 189
2019-05-02 0:47:41 - PHP Notice:  Undefined variable: color_primary_dar in C:\xampp\htdocs\porkys\carniceriaporkys.com\store\admin\model\extension\module\colors.php on line 189
2019-05-02 0:47:42 - PHP Notice:  Undefined variable: color_primary_dar in C:\xampp\htdocs\porkys\carniceriaporkys.com\store\admin\model\extension\module\colors.php on line 189
2019-05-02 0:48:47 - PHP Notice:  Undefined variable: color_primary_dar in C:\xampp\htdocs\porkys\carniceriaporkys.com\store\admin\model\extension\module\colors.php on line 189
2019-05-02 0:48:51 - PHP Notice:  Undefined variable: color_primary_dar in C:\xampp\htdocs\porkys\carniceriaporkys.com\store\admin\model\extension\module\colors.php on line 189
2019-05-02 0:48:53 - PHP Notice:  Undefined variable: color_primary_dar in C:\xampp\htdocs\porkys\carniceriaporkys.com\store\admin\model\extension\module\colors.php on line 189
2019-05-02 0:53:13 - PHP Notice:  Undefined variable: color_primary_dar in C:\xampp\htdocs\porkys\carniceriaporkys.com\store\admin\model\extension\module\colors.php on line 189
2019-05-02 0:53:14 - PHP Notice:  Undefined variable: color_primary_dar in C:\xampp\htdocs\porkys\carniceriaporkys.com\store\admin\model\extension\module\colors.php on line 189
2019-05-02 0:53:15 - PHP Notice:  Undefined variable: color_primary_dar in C:\xampp\htdocs\porkys\carniceriaporkys.com\store\admin\model\extension\module\colors.php on line 189
2019-05-02 0:54:40 - PHP Notice:  Undefined variable: color_primary_dar in C:\xampp\htdocs\porkys\carniceriaporkys.com\store\admin\model\extension\module\colors.php on line 189
2019-05-02 0:54:40 - PHP Notice:  Undefined variable: color_primary_dar in C:\xampp\htdocs\porkys\carniceriaporkys.com\store\admin\model\extension\module\colors.php on line 189
2019-05-02 0:54:42 - PHP Notice:  Undefined variable: color_primary_dar in C:\xampp\htdocs\porkys\carniceriaporkys.com\store\admin\model\extension\module\colors.php on line 189
2019-05-02 0:57:20 - PHP Notice:  Undefined variable: color_primary_dar in C:\xampp\htdocs\porkys\carniceriaporkys.com\store\admin\model\extension\module\colors.php on line 189
2019-05-02 0:57:21 - PHP Notice:  Undefined variable: color_primary_dar in C:\xampp\htdocs\porkys\carniceriaporkys.com\store\admin\model\extension\module\colors.php on line 189
2019-05-02 0:57:22 - PHP Notice:  Undefined variable: color_primary_dar in C:\xampp\htdocs\porkys\carniceriaporkys.com\store\admin\model\extension\module\colors.php on line 189
2019-05-02 1:00:07 - PHP Notice:  Undefined variable: color_primary_dar in C:\xampp\htdocs\porkys\carniceriaporkys.com\store\admin\model\extension\module\colors.php on line 189
2019-05-02 1:00:07 - PHP Notice:  Undefined variable: color_primary_dar in C:\xampp\htdocs\porkys\carniceriaporkys.com\store\admin\model\extension\module\colors.php on line 189
2019-05-02 1:00:09 - PHP Notice:  Undefined variable: color_primary_dar in C:\xampp\htdocs\porkys\carniceriaporkys.com\store\admin\model\extension\module\colors.php on line 189
2019-05-02 1:01:23 - PHP Notice:  Undefined variable: color_primary_dar in C:\xampp\htdocs\porkys\carniceriaporkys.com\store\admin\model\extension\module\colors.php on line 189
2019-05-02 1:01:43 - PHP Notice:  Undefined variable: color_primary_dar in C:\xampp\htdocs\porkys\carniceriaporkys.com\store\admin\model\extension\module\colors.php on line 189
2019-05-02 1:01:52 - PHP Notice:  Undefined variable: color_primary_dar in C:\xampp\htdocs\porkys\carniceriaporkys.com\store\admin\model\extension\module\colors.php on line 189
2019-05-02 1:01:54 - PHP Notice:  Undefined variable: color_primary_dar in C:\xampp\htdocs\porkys\carniceriaporkys.com\store\admin\model\extension\module\colors.php on line 189
2019-05-02 1:10:35 - PHP Notice:  Undefined variable: color_primary_dar in C:\xampp\htdocs\porkys\carniceriaporkys.com\store\admin\model\extension\module\colors.php on line 201
2019-05-02 1:10:36 - PHP Notice:  Undefined variable: color_primary_dar in C:\xampp\htdocs\porkys\carniceriaporkys.com\store\admin\model\extension\module\colors.php on line 201
2019-05-02 1:10:38 - PHP Notice:  Undefined variable: color_primary_dar in C:\xampp\htdocs\porkys\carniceriaporkys.com\store\admin\model\extension\module\colors.php on line 201
2019-05-02 1:15:38 - PHP Notice:  Undefined variable: color_primary_dar in C:\xampp\htdocs\porkys\carniceriaporkys.com\store\admin\model\extension\module\colors.php on line 202
2019-05-02 1:15:39 - PHP Notice:  Undefined variable: color_primary_dar in C:\xampp\htdocs\porkys\carniceriaporkys.com\store\admin\model\extension\module\colors.php on line 202
2019-05-02 1:15:40 - PHP Notice:  Undefined variable: color_primary_dar in C:\xampp\htdocs\porkys\carniceriaporkys.com\store\admin\model\extension\module\colors.php on line 202
2019-05-02 1:21:19 - PHP Notice:  Undefined variable: color_primary_dar in C:\xampp\htdocs\porkys\carniceriaporkys.com\store\admin\model\extension\module\colors.php on line 202
2019-05-02 1:21:19 - PHP Notice:  Undefined variable: color_primary_dar in C:\xampp\htdocs\porkys\carniceriaporkys.com\store\admin\model\extension\module\colors.php on line 202
2019-05-02 1:21:20 - PHP Notice:  Undefined variable: color_primary_dar in C:\xampp\htdocs\porkys\carniceriaporkys.com\store\admin\model\extension\module\colors.php on line 202
2019-05-02 1:23:06 - PHP Notice:  Undefined variable: color_primary_dar in C:\xampp\htdocs\porkys\carniceriaporkys.com\store\admin\model\extension\module\colors.php on line 202
2019-05-02 1:23:07 - PHP Notice:  Undefined variable: color_primary_dar in C:\xampp\htdocs\porkys\carniceriaporkys.com\store\admin\model\extension\module\colors.php on line 202
2019-05-02 1:23:08 - PHP Notice:  Undefined variable: color_primary_dar in C:\xampp\htdocs\porkys\carniceriaporkys.com\store\admin\model\extension\module\colors.php on line 202
2019-05-03 2:49:23 - PHP Warning:  mail(): Failed to connect to mailserver at &quot;localhost&quot; port 25, verify your &quot;SMTP&quot; and &quot;smtp_port&quot; setting in php.ini or use ini_set() in C:\xampp\htdocs\porkys\carniceriaporkys.com\store\system\library\mail\mail.php on line 77
2019-05-17 2:13:48 - Unable to create Paypal session{"TIMESTAMP":"2019-05-17T02:13:46Z","CORRELATIONID":"b07c8bddcb743","ACK":"Failure","VERSION":"109.0","BUILD":"52747458","L_ERRORCODE0":"10002","L_SHORTMESSAGE0":"Security error","L_LONGMESSAGE0":"Security header is not valid","L_SEVERITYCODE0":"Error"}
2019-05-17 3:55:12 - Unable to create Paypal session{"TIMESTAMP":"2019-05-17T03:55:11Z","CORRELATIONID":"f1a0b19447b25","ACK":"Failure","VERSION":"109.0","BUILD":"52747458","L_ERRORCODE0":"10002","L_SHORTMESSAGE0":"Security error","L_LONGMESSAGE0":"Security header is not valid","L_SEVERITYCODE0":"Error"}
2019-05-17 3:56:00 - Unable to create Paypal session{"TIMESTAMP":"2019-05-17T03:55:58Z","CORRELATIONID":"4fbc10ee8345b","ACK":"Failure","VERSION":"109.0","BUILD":"52747458","L_ERRORCODE0":"10002","L_SHORTMESSAGE0":"Security error","L_LONGMESSAGE0":"Security header is not valid","L_SEVERITYCODE0":"Error"}
2019-05-17 3:59:19 - Unable to create Paypal session{"TIMESTAMP":"2019-05-17T03:59:17Z","CORRELATIONID":"6cfb9b889f3b","ACK":"Failure","VERSION":"109.0","BUILD":"52747458","L_ERRORCODE0":"10002","L_SHORTMESSAGE0":"Security error","L_LONGMESSAGE0":"Security header is not valid","L_SEVERITYCODE0":"Error"}
2019-05-17 23:24:56 - Unable to create Paypal session{"TIMESTAMP":"2019-05-17T23:24:55Z","CORRELATIONID":"8ca1f4e3eff52","ACK":"Failure","VERSION":"109.0","BUILD":"52747458","L_ERRORCODE0":"10002","L_SHORTMESSAGE0":"Security error","L_LONGMESSAGE0":"Security header is not valid","L_SEVERITYCODE0":"Error"}
2019-05-19 3:27:52 - Unable to create Paypal session{"TIMESTAMP":"2019-05-19T03:27:51Z","CORRELATIONID":"b0ed2c40ef9ac","ACK":"Failure","VERSION":"109.0","BUILD":"52747458","L_ERRORCODE0":"10002","L_SHORTMESSAGE0":"Security error","L_LONGMESSAGE0":"Security header is not valid","L_SEVERITYCODE0":"Error"}
2019-05-19 3:28:10 - Unable to create Paypal session{"TIMESTAMP":"2019-05-19T03:28:09Z","CORRELATIONID":"165f1cbe17dc9","ACK":"Failure","VERSION":"109.0","BUILD":"52747458","L_ERRORCODE0":"10002","L_SHORTMESSAGE0":"Security error","L_LONGMESSAGE0":"Security header is not valid","L_SEVERITYCODE0":"Error"}
2019-05-20 15:49:18 - Unable to create Paypal session{"TIMESTAMP":"2019-05-20T15:49:16Z","CORRELATIONID":"bf2edd93db660","ACK":"Failure","VERSION":"109.0","BUILD":"52747458","L_ERRORCODE0":"10002","L_SHORTMESSAGE0":"Security error","L_LONGMESSAGE0":"Security header is not valid","L_SEVERITYCODE0":"Error"}
2019-11-13 18:11:36 - PHP Warning:  unlink(/home/prbukzibs3ed/public_html/store_storage/cache/cache.catalog.language.1573671026): No such file or directory in /home/prbukzibs3ed/public_html/store/system/library/cache/file.php on line 68
